<?xml version="1.0" encoding="UTF-8"?>
<testsuite name="microserviceAttraction.services.AttractionServiceTest" tests="1" skipped="0" failures="0" errors="0" timestamp="2022-03-16T15:46:52" hostname="F_WARMACHINE" time="0.958">
  <properties/>
  <testcase name="findFiveClosestTouristAttractionsTest()" classname="microserviceAttraction.services.AttractionServiceTest" time="0.958"/>
  <system-out><![CDATA[16:46:45.993 [Test worker] DEBUG org.springframework.test.context.BootstrapUtils - Instantiating CacheAwareContextLoaderDelegate from class [org.springframework.test.context.cache.DefaultCacheAwareContextLoaderDelegate]
16:46:46.039 [Test worker] DEBUG org.springframework.test.context.BootstrapUtils - Instantiating BootstrapContext using constructor [public org.springframework.test.context.support.DefaultBootstrapContext(java.lang.Class,org.springframework.test.context.CacheAwareContextLoaderDelegate)]
16:46:46.164 [Test worker] DEBUG org.springframework.test.context.BootstrapUtils - Instantiating TestContextBootstrapper for test class [microserviceAttraction.services.AttractionServiceTest] from class [org.springframework.boot.test.context.SpringBootTestContextBootstrapper]
16:46:46.211 [Test worker] INFO org.springframework.boot.test.context.SpringBootTestContextBootstrapper - Neither @ContextConfiguration nor @ContextHierarchy found for test class [microserviceAttraction.services.AttractionServiceTest], using SpringBootContextLoader
16:46:46.227 [Test worker] DEBUG org.springframework.test.context.support.AbstractContextLoader - Did not detect default resource location for test class [microserviceAttraction.services.AttractionServiceTest]: class path resource [microserviceAttraction/services/AttractionServiceTest-context.xml] does not exist
16:46:46.229 [Test worker] DEBUG org.springframework.test.context.support.AbstractContextLoader - Did not detect default resource location for test class [microserviceAttraction.services.AttractionServiceTest]: class path resource [microserviceAttraction/services/AttractionServiceTestContext.groovy] does not exist
16:46:46.229 [Test worker] INFO org.springframework.test.context.support.AbstractContextLoader - Could not detect default resource locations for test class [microserviceAttraction.services.AttractionServiceTest]: no resource found for suffixes {-context.xml, Context.groovy}.
16:46:46.233 [Test worker] INFO org.springframework.test.context.support.AnnotationConfigContextLoaderUtils - Could not detect default configuration classes for test class [microserviceAttraction.services.AttractionServiceTest]: AttractionServiceTest does not declare any static, non-private, non-final, nested classes annotated with @Configuration.
16:46:46.383 [Test worker] DEBUG org.springframework.test.context.support.ActiveProfilesUtils - Could not find an 'annotation declaring class' for annotation type [org.springframework.test.context.ActiveProfiles] and class [microserviceAttraction.services.AttractionServiceTest]
16:46:46.612 [Test worker] DEBUG org.springframework.context.annotation.ClassPathScanningCandidateComponentProvider - Identified candidate component class: file [E:\Users\Francky Malliet\git\microserviceAttraction\microserviceAttraction\microservice-attraction\build\classes\java\main\microserviceAttraction\MicroserviceAttractionApplication.class]
16:46:46.615 [Test worker] INFO org.springframework.boot.test.context.SpringBootTestContextBootstrapper - Found @SpringBootConfiguration microserviceAttraction.MicroserviceAttractionApplication for test class microserviceAttraction.services.AttractionServiceTest
16:46:46.955 [Test worker] DEBUG org.springframework.boot.test.context.SpringBootTestContextBootstrapper - @TestExecutionListeners is not present for class [microserviceAttraction.services.AttractionServiceTest]: using defaults.
16:46:46.957 [Test worker] INFO org.springframework.boot.test.context.SpringBootTestContextBootstrapper - Loaded default TestExecutionListener class names from location [META-INF/spring.factories]: [org.springframework.boot.test.autoconfigure.restdocs.RestDocsTestExecutionListener, org.springframework.boot.test.autoconfigure.web.client.MockRestServiceServerResetTestExecutionListener, org.springframework.boot.test.autoconfigure.web.servlet.MockMvcPrintOnlyOnFailureTestExecutionListener, org.springframework.boot.test.autoconfigure.web.servlet.WebDriverTestExecutionListener, org.springframework.boot.test.autoconfigure.webservices.client.MockWebServiceServerTestExecutionListener, org.springframework.boot.test.mock.mockito.MockitoTestExecutionListener, org.springframework.boot.test.mock.mockito.ResetMocksTestExecutionListener, org.springframework.test.context.web.ServletTestExecutionListener, org.springframework.test.context.support.DirtiesContextBeforeModesTestExecutionListener, org.springframework.test.context.event.ApplicationEventsTestExecutionListener, org.springframework.test.context.support.DependencyInjectionTestExecutionListener, org.springframework.test.context.support.DirtiesContextTestExecutionListener, org.springframework.test.context.transaction.TransactionalTestExecutionListener, org.springframework.test.context.jdbc.SqlScriptsTestExecutionListener, org.springframework.test.context.event.EventPublishingTestExecutionListener]
16:46:47.005 [Test worker] DEBUG org.springframework.boot.test.context.SpringBootTestContextBootstrapper - Skipping candidate TestExecutionListener [org.springframework.test.context.transaction.TransactionalTestExecutionListener] due to a missing dependency. Specify custom listener classes or make the default listener classes and their required dependencies available. Offending class: [org/springframework/transaction/interceptor/TransactionAttributeSource]
16:46:47.007 [Test worker] DEBUG org.springframework.boot.test.context.SpringBootTestContextBootstrapper - Skipping candidate TestExecutionListener [org.springframework.test.context.jdbc.SqlScriptsTestExecutionListener] due to a missing dependency. Specify custom listener classes or make the default listener classes and their required dependencies available. Offending class: [org/springframework/transaction/interceptor/TransactionAttribute]
16:46:47.008 [Test worker] INFO org.springframework.boot.test.context.SpringBootTestContextBootstrapper - Using TestExecutionListeners: [org.springframework.test.context.web.ServletTestExecutionListener@295524ac, org.springframework.test.context.support.DirtiesContextBeforeModesTestExecutionListener@29c96945, org.springframework.test.context.event.ApplicationEventsTestExecutionListener@6e4891c, org.springframework.boot.test.mock.mockito.MockitoTestExecutionListener@74591c38, org.springframework.boot.test.autoconfigure.SpringBootDependencyInjectionTestExecutionListener@7429365b, org.springframework.test.context.support.DirtiesContextTestExecutionListener@1648eada, org.springframework.test.context.event.EventPublishingTestExecutionListener@34c62d66, org.springframework.boot.test.autoconfigure.restdocs.RestDocsTestExecutionListener@8424f1a, org.springframework.boot.test.autoconfigure.web.client.MockRestServiceServerResetTestExecutionListener@35643ba7, org.springframework.boot.test.autoconfigure.web.servlet.MockMvcPrintOnlyOnFailureTestExecutionListener@642b09eb, org.springframework.boot.test.autoconfigure.web.servlet.WebDriverTestExecutionListener@6183a515, org.springframework.boot.test.autoconfigure.webservices.client.MockWebServiceServerTestExecutionListener@7ba31ca0, org.springframework.boot.test.mock.mockito.ResetMocksTestExecutionListener@6f8eb970]
16:46:47.020 [Test worker] DEBUG org.springframework.test.context.support.AbstractDirtiesContextTestExecutionListener - Before test class: context [DefaultTestContext@68248cde testClass = AttractionServiceTest, testInstance = [null], testMethod = [null], testException = [null], mergedContextConfiguration = [WebMergedContextConfiguration@747d2876 testClass = AttractionServiceTest, locations = '{}', classes = '{class microserviceAttraction.MicroserviceAttractionApplication}', contextInitializerClasses = '[]', activeProfiles = '{}', propertySourceLocations = '{}', propertySourceProperties = '{org.springframework.boot.test.context.SpringBootTestContextBootstrapper=true}', contextCustomizers = set[org.springframework.boot.test.autoconfigure.actuate.metrics.MetricsExportContextCustomizerFactory$DisableMetricExportContextCustomizer@368169c0, org.springframework.boot.test.autoconfigure.properties.PropertyMappingContextCustomizer@0, org.springframework.boot.test.autoconfigure.web.servlet.WebDriverContextCustomizerFactory$Customizer@6a1c66a1, org.springframework.boot.test.context.filter.ExcludeFilterContextCustomizer@6a21b862, org.springframework.boot.test.json.DuplicateJsonObjectContextCustomizerFactory$DuplicateJsonObjectContextCustomizer@6356a558, org.springframework.boot.test.mock.mockito.MockitoContextCustomizer@0, org.springframework.boot.test.web.client.TestRestTemplateContextCustomizer@6f4b39ed, org.springframework.boot.test.context.SpringBootTestArgs@1, org.springframework.boot.test.context.SpringBootTestWebEnvironment@47129eed], resourceBasePath = 'src/main/webapp', contextLoader = 'org.springframework.boot.test.context.SpringBootContextLoader', parent = [null]], attributes = map['org.springframework.test.context.web.ServletTestExecutionListener.activateListener' -> true]], class annotated with @DirtiesContext [false] with mode [null].

  .   ____          _            __ _ _
 /\\ / ___'_ __ _ _(_)_ __  __ _ \ \ \ \
( ( )\___ | '_ | '_| | '_ \/ _` | \ \ \ \
 \\/  ___)| |_)| | | | | || (_| |  ) ) ) )
  '  |____| .__|_| |_|_| |_\__, | / / / /
 =========|_|==============|___/=/_/_/_/
 :: Spring Boot ::                (v2.6.3)

2022-03-16 16:46:47.919  INFO 25852 --- [    Test worker] m.services.AttractionServiceTest         : Starting AttractionServiceTest using Java 16.0.1 on F_WarMachine with PID 25852 (started by Francky Malliet in E:\Users\Francky Malliet\git\microserviceAttraction\microserviceAttraction\microservice-attraction)
2022-03-16 16:46:47.922  INFO 25852 --- [    Test worker] m.services.AttractionServiceTest         : No active profile set, falling back to default profiles: default
2022-03-16 16:46:51.969  INFO 25852 --- [    Test worker] o.s.b.a.e.web.EndpointLinksResolver      : Exposing 1 endpoint(s) beneath base path '/actuator'
2022-03-16 16:46:52.052  INFO 25852 --- [    Test worker] m.services.AttractionServiceTest         : Started AttractionServiceTest in 4.906 seconds (JVM running for 8.354)
]]></system-out>
  <system-err><![CDATA[]]></system-err>
</testsuite>
