<?xml version="1.0" encoding="UTF-8"?>
<testsuite name="microserviceAttraction.services.AttractionServiceTest" tests="7" skipped="0" failures="0" errors="0" timestamp="2022-03-21T10:54:24" hostname="F_WARMACHINE" time="1.34">
  <properties/>
  <testcase name="setDefaultAttractionProximityRangeTest()" classname="microserviceAttraction.services.AttractionServiceTest" time="1.135"/>
  <testcase name="createAttractionRewardPointsTest()" classname="microserviceAttraction.services.AttractionServiceTest" time="0.012"/>
  <testcase name="findFiveClosestTouristAttractionsTest()" classname="microserviceAttraction.services.AttractionServiceTest" time="0.136"/>
  <testcase name="setAttractionProximityRangeTest()" classname="microserviceAttraction.services.AttractionServiceTest" time="0.007"/>
  <testcase name="isWithinAttractionProximityTest()" classname="microserviceAttraction.services.AttractionServiceTest" time="0.006"/>
  <testcase name="getAttractionProximityRangeTest()" classname="microserviceAttraction.services.AttractionServiceTest" time="0.008"/>
  <testcase name="createAttractionsTest()" classname="microserviceAttraction.services.AttractionServiceTest" time="0.025"/>
  <system-out><![CDATA[11:54:18.113 [Test worker] DEBUG org.springframework.test.context.BootstrapUtils - Instantiating CacheAwareContextLoaderDelegate from class [org.springframework.test.context.cache.DefaultCacheAwareContextLoaderDelegate]
11:54:18.161 [Test worker] DEBUG org.springframework.test.context.BootstrapUtils - Instantiating BootstrapContext using constructor [public org.springframework.test.context.support.DefaultBootstrapContext(java.lang.Class,org.springframework.test.context.CacheAwareContextLoaderDelegate)]
11:54:18.288 [Test worker] DEBUG org.springframework.test.context.BootstrapUtils - Instantiating TestContextBootstrapper for test class [microserviceAttraction.services.AttractionServiceTest] from class [org.springframework.boot.test.context.SpringBootTestContextBootstrapper]
11:54:18.331 [Test worker] INFO org.springframework.boot.test.context.SpringBootTestContextBootstrapper - Neither @ContextConfiguration nor @ContextHierarchy found for test class [microserviceAttraction.services.AttractionServiceTest], using SpringBootContextLoader
11:54:18.352 [Test worker] DEBUG org.springframework.test.context.support.AbstractContextLoader - Did not detect default resource location for test class [microserviceAttraction.services.AttractionServiceTest]: class path resource [microserviceAttraction/services/AttractionServiceTest-context.xml] does not exist
11:54:18.354 [Test worker] DEBUG org.springframework.test.context.support.AbstractContextLoader - Did not detect default resource location for test class [microserviceAttraction.services.AttractionServiceTest]: class path resource [microserviceAttraction/services/AttractionServiceTestContext.groovy] does not exist
11:54:18.355 [Test worker] INFO org.springframework.test.context.support.AbstractContextLoader - Could not detect default resource locations for test class [microserviceAttraction.services.AttractionServiceTest]: no resource found for suffixes {-context.xml, Context.groovy}.
11:54:18.358 [Test worker] INFO org.springframework.test.context.support.AnnotationConfigContextLoaderUtils - Could not detect default configuration classes for test class [microserviceAttraction.services.AttractionServiceTest]: AttractionServiceTest does not declare any static, non-private, non-final, nested classes annotated with @Configuration.
11:54:18.539 [Test worker] DEBUG org.springframework.test.context.support.ActiveProfilesUtils - Could not find an 'annotation declaring class' for annotation type [org.springframework.test.context.ActiveProfiles] and class [microserviceAttraction.services.AttractionServiceTest]
11:54:18.777 [Test worker] DEBUG org.springframework.context.annotation.ClassPathScanningCandidateComponentProvider - Identified candidate component class: file [E:\Users\Francky Malliet\git\microserviceAttraction\microserviceAttraction\microservice-attraction\build\classes\java\main\microserviceAttraction\MicroserviceAttractionApplication.class]
11:54:18.780 [Test worker] INFO org.springframework.boot.test.context.SpringBootTestContextBootstrapper - Found @SpringBootConfiguration microserviceAttraction.MicroserviceAttractionApplication for test class microserviceAttraction.services.AttractionServiceTest
11:54:19.136 [Test worker] DEBUG org.springframework.boot.test.context.SpringBootTestContextBootstrapper - @TestExecutionListeners is not present for class [microserviceAttraction.services.AttractionServiceTest]: using defaults.
11:54:19.137 [Test worker] INFO org.springframework.boot.test.context.SpringBootTestContextBootstrapper - Loaded default TestExecutionListener class names from location [META-INF/spring.factories]: [org.springframework.boot.test.autoconfigure.restdocs.RestDocsTestExecutionListener, org.springframework.boot.test.autoconfigure.web.client.MockRestServiceServerResetTestExecutionListener, org.springframework.boot.test.autoconfigure.web.servlet.MockMvcPrintOnlyOnFailureTestExecutionListener, org.springframework.boot.test.autoconfigure.web.servlet.WebDriverTestExecutionListener, org.springframework.boot.test.autoconfigure.webservices.client.MockWebServiceServerTestExecutionListener, org.springframework.boot.test.mock.mockito.MockitoTestExecutionListener, org.springframework.boot.test.mock.mockito.ResetMocksTestExecutionListener, org.springframework.test.context.web.ServletTestExecutionListener, org.springframework.test.context.support.DirtiesContextBeforeModesTestExecutionListener, org.springframework.test.context.event.ApplicationEventsTestExecutionListener, org.springframework.test.context.support.DependencyInjectionTestExecutionListener, org.springframework.test.context.support.DirtiesContextTestExecutionListener, org.springframework.test.context.transaction.TransactionalTestExecutionListener, org.springframework.test.context.jdbc.SqlScriptsTestExecutionListener, org.springframework.test.context.event.EventPublishingTestExecutionListener]
11:54:19.177 [Test worker] DEBUG org.springframework.boot.test.context.SpringBootTestContextBootstrapper - Skipping candidate TestExecutionListener [org.springframework.test.context.transaction.TransactionalTestExecutionListener] due to a missing dependency. Specify custom listener classes or make the default listener classes and their required dependencies available. Offending class: [org/springframework/transaction/interceptor/TransactionAttributeSource]
11:54:19.179 [Test worker] DEBUG org.springframework.boot.test.context.SpringBootTestContextBootstrapper - Skipping candidate TestExecutionListener [org.springframework.test.context.jdbc.SqlScriptsTestExecutionListener] due to a missing dependency. Specify custom listener classes or make the default listener classes and their required dependencies available. Offending class: [org/springframework/transaction/interceptor/TransactionAttribute]
11:54:19.180 [Test worker] INFO org.springframework.boot.test.context.SpringBootTestContextBootstrapper - Using TestExecutionListeners: [org.springframework.test.context.web.ServletTestExecutionListener@4730a321, org.springframework.test.context.support.DirtiesContextBeforeModesTestExecutionListener@2e7b031e, org.springframework.test.context.event.ApplicationEventsTestExecutionListener@71a3c10b, org.springframework.boot.test.mock.mockito.MockitoTestExecutionListener@51002c88, org.springframework.boot.test.autoconfigure.SpringBootDependencyInjectionTestExecutionListener@13ebb422, org.springframework.test.context.support.DirtiesContextTestExecutionListener@657e26b2, org.springframework.test.context.event.EventPublishingTestExecutionListener@a3a088f, org.springframework.boot.test.autoconfigure.restdocs.RestDocsTestExecutionListener@5a8e012c, org.springframework.boot.test.autoconfigure.web.client.MockRestServiceServerResetTestExecutionListener@148af4fb, org.springframework.boot.test.autoconfigure.web.servlet.MockMvcPrintOnlyOnFailureTestExecutionListener@d51b6e, org.springframework.boot.test.autoconfigure.web.servlet.WebDriverTestExecutionListener@5a71058b, org.springframework.boot.test.autoconfigure.webservices.client.MockWebServiceServerTestExecutionListener@705ce888, org.springframework.boot.test.mock.mockito.ResetMocksTestExecutionListener@33b2f754]
11:54:19.192 [Test worker] DEBUG org.springframework.test.context.support.AbstractDirtiesContextTestExecutionListener - Before test class: context [DefaultTestContext@b8c6c09 testClass = AttractionServiceTest, testInstance = [null], testMethod = [null], testException = [null], mergedContextConfiguration = [WebMergedContextConfiguration@7009c127 testClass = AttractionServiceTest, locations = '{}', classes = '{class microserviceAttraction.MicroserviceAttractionApplication}', contextInitializerClasses = '[]', activeProfiles = '{}', propertySourceLocations = '{}', propertySourceProperties = '{org.springframework.boot.test.context.SpringBootTestContextBootstrapper=true}', contextCustomizers = set[org.springframework.boot.test.autoconfigure.actuate.metrics.MetricsExportContextCustomizerFactory$DisableMetricExportContextCustomizer@715a6fc9, org.springframework.boot.test.autoconfigure.properties.PropertyMappingContextCustomizer@0, org.springframework.boot.test.autoconfigure.web.servlet.WebDriverContextCustomizerFactory$Customizer@590e5174, org.springframework.boot.test.context.filter.ExcludeFilterContextCustomizer@2650f0a6, org.springframework.boot.test.json.DuplicateJsonObjectContextCustomizerFactory$DuplicateJsonObjectContextCustomizer@4b00c9f, org.springframework.boot.test.mock.mockito.MockitoContextCustomizer@0, org.springframework.boot.test.web.client.TestRestTemplateContextCustomizer@3818b5b5, org.springframework.boot.test.context.SpringBootTestArgs@1, org.springframework.boot.test.context.SpringBootTestWebEnvironment@47129eed], resourceBasePath = 'src/main/webapp', contextLoader = 'org.springframework.boot.test.context.SpringBootContextLoader', parent = [null]], attributes = map['org.springframework.test.context.web.ServletTestExecutionListener.activateListener' -> true]], class annotated with @DirtiesContext [false] with mode [null].

  .   ____          _            __ _ _
 /\\ / ___'_ __ _ _(_)_ __  __ _ \ \ \ \
( ( )\___ | '_ | '_| | '_ \/ _` | \ \ \ \
 \\/  ___)| |_)| | | | | || (_| |  ) ) ) )
  '  |____| .__|_| |_|_| |_\__, | / / / /
 =========|_|==============|___/=/_/_/_/
 :: Spring Boot ::                (v2.6.3)

2022-03-21 11:54:20.220  INFO 19832 --- [    Test worker] m.services.AttractionServiceTest         : Starting AttractionServiceTest using Java 16.0.1 on F_WarMachine with PID 19832 (started by Francky Malliet in E:\Users\Francky Malliet\git\microserviceAttraction\microserviceAttraction\microservice-attraction)
2022-03-21 11:54:20.223  INFO 19832 --- [    Test worker] m.services.AttractionServiceTest         : No active profile set, falling back to default profiles: default
2022-03-21 11:54:24.698  INFO 19832 --- [    Test worker] o.s.b.a.e.web.EndpointLinksResolver      : Exposing 1 endpoint(s) beneath base path '/actuator'
2022-03-21 11:54:24.804  INFO 19832 --- [    Test worker] m.services.AttractionServiceTest         : Started AttractionServiceTest in 5.474 seconds (JVM running for 9.166)
]]></system-out>
  <system-err><![CDATA[]]></system-err>
</testsuite>
